<?xml version="1.0" encoding="UTF-8"?>
<!-- Generated by org.testng.reporters.JUnitXMLReporter -->
<testsuite hostname="Hari-PC" name="Default test" tests="4" failures="0" timestamp="26 Jan 2017 08:23:22 GMT" time="0.725" errors="0">
  <testcase name="testClass" time="0.041" classname="com.hcl.TestProject.test.controller.UserAccessControllerTest"/>
  <testcase name="testUpdateUser" time="0.025" classname="com.hcl.TestProject.test.controller.UserAccessControllerTest"/>
  <testcase name="testUpdateUser1" time="0.003" classname="com.hcl.TestProject.test.controller.UserAccessControllerTest"/>
  <testcase name="testUserService" time="0.005" classname="com.hcl.TestProject.test.controller.UserAccessControllerTest"/>
</testsuite> <!-- Default test -->
