<?xml version="1.0" encoding="UTF-8"?>
<!-- Generated by org.testng.reporters.JUnitXMLReporter -->
<testsuite hostname="Hari-PC" name="Command line test" tests="7" failures="0" timestamp="2 Feb 2017 15:17:58 GMT" time="0.861" errors="0">
  <testcase name="homeTesting" time="0.007" classname="com.hcl.TestProject.test.HomeControllerTest"/>
  <testcase name="testHome" time="0.055" classname="com.hcl.TestProject.test.HomeControllerTest"/>
  <testcase name="testString" time="0.0" classname="com.hcl.TestProject.test.HomeControllerTest"/>
  <testcase name="testClass" time="0.0" classname="com.hcl.TestProject.test.controller.UserAccessControllerTest"/>
  <testcase name="testUpdateUser" time="0.405" classname="com.hcl.TestProject.test.controller.UserAccessControllerTest"/>
  <testcase name="testUpdateUser1" time="0.108" classname="com.hcl.TestProject.test.controller.UserAccessControllerTest"/>
  <testcase name="testUserService" time="0.0" classname="com.hcl.TestProject.test.controller.UserAccessControllerTest"/>
</testsuite> <!-- Command line test -->
