<?xml version="1.0" encoding="UTF-8"?>
<testng-results skipped="0" failed="0" total="7" passed="7">
  <reporter-output>
  </reporter-output>
  <suite name="Command line suite" duration-ms="603" started-at="2017-01-27T10:32:52Z" finished-at="2017-01-27T10:32:53Z">
    <groups>
    </groups>
    <test name="Command line test" duration-ms="603" started-at="2017-01-27T10:32:52Z" finished-at="2017-01-27T10:32:53Z">
      <class name="com.hcl.TestProject.test.HomeControllerTest">
        <test-method status="PASS" signature="setUp()[pri:0, instance:com.hcl.TestProject.test.HomeControllerTest@73f792cf]" name="setUp" is-config="true" duration-ms="373" started-at="2017-01-27T16:02:52Z" finished-at="2017-01-27T16:02:53Z">
          <reporter-output>
          </reporter-output>
        </test-method> <!-- setUp -->
        <test-method status="PASS" signature="homeTesting()[pri:0, instance:com.hcl.TestProject.test.HomeControllerTest@73f792cf]" name="homeTesting" duration-ms="12" started-at="2017-01-27T16:02:53Z" finished-at="2017-01-27T16:02:53Z">
          <reporter-output>
          </reporter-output>
        </test-method> <!-- homeTesting -->
        <test-method status="PASS" signature="testHome()[pri:0, instance:com.hcl.TestProject.test.HomeControllerTest@73f792cf]" name="testHome" duration-ms="134" started-at="2017-01-27T16:02:53Z" finished-at="2017-01-27T16:02:53Z">
          <reporter-output>
          </reporter-output>
        </test-method> <!-- testHome -->
        <test-method status="PASS" signature="testString()[pri:0, instance:com.hcl.TestProject.test.HomeControllerTest@73f792cf]" name="testString" duration-ms="2" started-at="2017-01-27T16:02:53Z" finished-at="2017-01-27T16:02:53Z">
          <reporter-output>
          </reporter-output>
        </test-method> <!-- testString -->
      </class> <!-- com.hcl.TestProject.test.HomeControllerTest -->
      <class name="com.hcl.TestProject.test.controller.UserAccessControllerTest">
        <test-method status="PASS" signature="setUp()[pri:0, instance:com.hcl.TestProject.test.controller.UserAccessControllerTest@6bf256fa]" name="setUp" is-config="true" duration-ms="27" started-at="2017-01-27T16:02:53Z" finished-at="2017-01-27T16:02:53Z">
          <reporter-output>
          </reporter-output>
        </test-method> <!-- setUp -->
        <test-method status="PASS" signature="testClass()[pri:0, instance:com.hcl.TestProject.test.controller.UserAccessControllerTest@6bf256fa]" name="testClass" duration-ms="1" started-at="2017-01-27T16:02:53Z" finished-at="2017-01-27T16:02:53Z">
          <reporter-output>
          </reporter-output>
        </test-method> <!-- testClass -->
        <test-method status="PASS" signature="testUpdateUser()[pri:0, instance:com.hcl.TestProject.test.controller.UserAccessControllerTest@6bf256fa]" name="testUpdateUser" duration-ms="3" started-at="2017-01-27T16:02:53Z" finished-at="2017-01-27T16:02:53Z">
          <reporter-output>
          </reporter-output>
        </test-method> <!-- testUpdateUser -->
        <test-method status="PASS" signature="testUpdateUser1()[pri:0, instance:com.hcl.TestProject.test.controller.UserAccessControllerTest@6bf256fa]" name="testUpdateUser1" duration-ms="0" started-at="2017-01-27T16:02:53Z" finished-at="2017-01-27T16:02:53Z">
          <reporter-output>
          </reporter-output>
        </test-method> <!-- testUpdateUser1 -->
        <test-method status="PASS" signature="testUserService()[pri:0, instance:com.hcl.TestProject.test.controller.UserAccessControllerTest@6bf256fa]" name="testUserService" duration-ms="1" started-at="2017-01-27T16:02:53Z" finished-at="2017-01-27T16:02:53Z">
          <reporter-output>
          </reporter-output>
        </test-method> <!-- testUserService -->
      </class> <!-- com.hcl.TestProject.test.controller.UserAccessControllerTest -->
    </test> <!-- Command line test -->
  </suite> <!-- Command line suite -->
</testng-results>
