<?xml version="1.0" encoding="UTF-8"?>
<testng-results skipped="0" failed="0" total="4" passed="4">
  <reporter-output>
  </reporter-output>
  <suite name="Default suite" duration-ms="725" started-at="2017-01-26T08:23:22Z" finished-at="2017-01-26T08:23:22Z">
    <groups>
    </groups>
    <test name="Default test" duration-ms="725" started-at="2017-01-26T08:23:22Z" finished-at="2017-01-26T08:23:22Z">
      <class name="com.hcl.TestProject.test.controller.UserAccessControllerTest">
        <test-method status="PASS" signature="setUp()[pri:0, instance:com.hcl.TestProject.test.controller.UserAccessControllerTest@2d23faef]" name="setUp" is-config="true" duration-ms="558" started-at="2017-01-26T13:53:22Z" finished-at="2017-01-26T13:53:22Z">
          <reporter-output>
          </reporter-output>
        </test-method> <!-- setUp -->
        <test-method status="PASS" signature="testClass()[pri:0, instance:com.hcl.TestProject.test.controller.UserAccessControllerTest@2d23faef]" name="testClass" duration-ms="41" started-at="2017-01-26T13:53:22Z" finished-at="2017-01-26T13:53:22Z">
          <reporter-output>
          </reporter-output>
        </test-method> <!-- testClass -->
        <test-method status="PASS" signature="testUpdateUser()[pri:0, instance:com.hcl.TestProject.test.controller.UserAccessControllerTest@2d23faef]" name="testUpdateUser" duration-ms="25" started-at="2017-01-26T13:53:22Z" finished-at="2017-01-26T13:53:22Z">
          <reporter-output>
          </reporter-output>
        </test-method> <!-- testUpdateUser -->
        <test-method status="PASS" signature="testUpdateUser1()[pri:0, instance:com.hcl.TestProject.test.controller.UserAccessControllerTest@2d23faef]" name="testUpdateUser1" duration-ms="3" started-at="2017-01-26T13:53:22Z" finished-at="2017-01-26T13:53:22Z">
          <reporter-output>
          </reporter-output>
        </test-method> <!-- testUpdateUser1 -->
        <test-method status="PASS" signature="testUserService()[pri:0, instance:com.hcl.TestProject.test.controller.UserAccessControllerTest@2d23faef]" name="testUserService" duration-ms="5" started-at="2017-01-26T13:53:22Z" finished-at="2017-01-26T13:53:22Z">
          <reporter-output>
          </reporter-output>
        </test-method> <!-- testUserService -->
      </class> <!-- com.hcl.TestProject.test.controller.UserAccessControllerTest -->
    </test> <!-- Default test -->
  </suite> <!-- Default suite -->
</testng-results>
