<?xml version="1.0" encoding="UTF-8"?>
<testng-results skipped="0" failed="2" total="9" passed="7">
  <reporter-output>
  </reporter-output>
  <suite name="Default suite" duration-ms="1575" started-at="2017-01-31T15:47:30Z" finished-at="2017-01-31T15:47:31Z">
    <groups>
    </groups>
    <test name="Default test" duration-ms="1575" started-at="2017-01-31T15:47:30Z" finished-at="2017-01-31T15:47:31Z">
      <class name="com.hcl.TestProject.test.HomeControllerTest">
        <test-method status="PASS" signature="setUp()[pri:0, instance:com.hcl.TestProject.test.HomeControllerTest@5b275dab]" name="setUp" is-config="true" duration-ms="10" started-at="2017-01-31T21:17:31Z" finished-at="2017-01-31T21:17:31Z">
          <reporter-output>
          </reporter-output>
        </test-method> <!-- setUp -->
        <test-method status="PASS" signature="homeTesting()[pri:0, instance:com.hcl.TestProject.test.HomeControllerTest@5b275dab]" name="homeTesting" duration-ms="9" started-at="2017-01-31T21:17:31Z" finished-at="2017-01-31T21:17:31Z">
          <reporter-output>
          </reporter-output>
        </test-method> <!-- homeTesting -->
        <test-method status="PASS" signature="testHome()[pri:0, instance:com.hcl.TestProject.test.HomeControllerTest@5b275dab]" name="testHome" duration-ms="71" started-at="2017-01-31T21:17:31Z" finished-at="2017-01-31T21:17:31Z">
          <reporter-output>
          </reporter-output>
        </test-method> <!-- testHome -->
        <test-method status="PASS" signature="testString()[pri:0, instance:com.hcl.TestProject.test.HomeControllerTest@5b275dab]" name="testString" duration-ms="6" started-at="2017-01-31T21:17:31Z" finished-at="2017-01-31T21:17:31Z">
          <reporter-output>
          </reporter-output>
        </test-method> <!-- testString -->
      </class> <!-- com.hcl.TestProject.test.HomeControllerTest -->
      <class name="com.hcl.TestProject.test.controller.UserAccessControllerTest">
        <test-method status="PASS" signature="setUp()[pri:0, instance:com.hcl.TestProject.test.controller.UserAccessControllerTest@1e88b3c]" name="setUp" is-config="true" duration-ms="252" started-at="2017-01-31T21:17:30Z" finished-at="2017-01-31T21:17:30Z">
          <reporter-output>
          </reporter-output>
        </test-method> <!-- setUp -->
        <test-method status="PASS" signature="testClass()[pri:0, instance:com.hcl.TestProject.test.controller.UserAccessControllerTest@1e88b3c]" name="testClass" duration-ms="30" started-at="2017-01-31T21:17:30Z" finished-at="2017-01-31T21:17:30Z">
          <reporter-output>
          </reporter-output>
        </test-method> <!-- testClass -->
        <test-method status="FAIL" signature="testGetUser()[pri:0, instance:com.hcl.TestProject.test.controller.UserAccessControllerTest@1e88b3c]" name="testGetUser" duration-ms="4" started-at="2017-01-31T21:17:30Z" finished-at="2017-01-31T21:17:30Z">
          <exception class="java.lang.NullPointerException">
            <full-stacktrace>
              <![CDATA[java.lang.NullPointerException
	at com.hcl.TestProject.service.UserServiceImpl.getUser(UserServiceImpl.java:57)
	at com.hcl.TestProject.test.controller.UserAccessControllerTest.testGetUser(UserAccessControllerTest.java:57)
	at sun.reflect.NativeMethodAccessorImpl.invoke0(Native Method)
	at sun.reflect.NativeMethodAccessorImpl.invoke(NativeMethodAccessorImpl.java:62)
	at sun.reflect.DelegatingMethodAccessorImpl.invoke(DelegatingMethodAccessorImpl.java:43)
	at java.lang.reflect.Method.invoke(Method.java:497)
	at org.testng.internal.MethodInvocationHelper.invokeMethod(MethodInvocationHelper.java:84)
	at org.testng.internal.Invoker.invokeMethod(Invoker.java:714)
	at org.testng.internal.Invoker.invokeTestMethod(Invoker.java:901)
	at org.testng.internal.Invoker.invokeTestMethods(Invoker.java:1231)
	at org.testng.internal.TestMethodWorker.invokeTestMethods(TestMethodWorker.java:127)
	at org.testng.internal.TestMethodWorker.run(TestMethodWorker.java:111)
	at org.testng.TestRunner.privateRun(TestRunner.java:767)
	at org.testng.TestRunner.run(TestRunner.java:617)
	at org.testng.SuiteRunner.runTest(SuiteRunner.java:348)
	at org.testng.SuiteRunner.runSequentially(SuiteRunner.java:343)
	at org.testng.SuiteRunner.privateRun(SuiteRunner.java:305)
	at org.testng.SuiteRunner.run(SuiteRunner.java:254)
	at org.testng.SuiteRunnerWorker.runSuite(SuiteRunnerWorker.java:52)
	at org.testng.SuiteRunnerWorker.run(SuiteRunnerWorker.java:86)
	at org.testng.TestNG.runSuitesSequentially(TestNG.java:1224)
	at org.testng.TestNG.runSuitesLocally(TestNG.java:1149)
	at org.testng.TestNG.run(TestNG.java:1057)
	at org.testng.remote.AbstractRemoteTestNG.run(AbstractRemoteTestNG.java:132)
	at org.testng.remote.RemoteTestNG.initAndRun(RemoteTestNG.java:236)
	at org.testng.remote.RemoteTestNG.main(RemoteTestNG.java:81)
]]>
            </full-stacktrace>
          </exception> <!-- java.lang.NullPointerException -->
          <reporter-output>
          </reporter-output>
        </test-method> <!-- testGetUser -->
        <test-method status="FAIL" signature="testGetUsers()[pri:0, instance:com.hcl.TestProject.test.controller.UserAccessControllerTest@1e88b3c]" name="testGetUsers" duration-ms="8" started-at="2017-01-31T21:17:30Z" finished-at="2017-01-31T21:17:30Z">
          <exception class="java.lang.NullPointerException">
            <full-stacktrace>
              <![CDATA[java.lang.NullPointerException
	at com.hcl.TestProject.service.UserServiceImpl.getUsers(UserServiceImpl.java:65)
	at com.hcl.TestProject.test.controller.UserAccessControllerTest.testGetUsers(UserAccessControllerTest.java:64)
	at sun.reflect.NativeMethodAccessorImpl.invoke0(Native Method)
	at sun.reflect.NativeMethodAccessorImpl.invoke(NativeMethodAccessorImpl.java:62)
	at sun.reflect.DelegatingMethodAccessorImpl.invoke(DelegatingMethodAccessorImpl.java:43)
	at java.lang.reflect.Method.invoke(Method.java:497)
	at org.testng.internal.MethodInvocationHelper.invokeMethod(MethodInvocationHelper.java:84)
	at org.testng.internal.Invoker.invokeMethod(Invoker.java:714)
	at org.testng.internal.Invoker.invokeTestMethod(Invoker.java:901)
	at org.testng.internal.Invoker.invokeTestMethods(Invoker.java:1231)
	at org.testng.internal.TestMethodWorker.invokeTestMethods(TestMethodWorker.java:127)
	at org.testng.internal.TestMethodWorker.run(TestMethodWorker.java:111)
	at org.testng.TestRunner.privateRun(TestRunner.java:767)
	at org.testng.TestRunner.run(TestRunner.java:617)
	at org.testng.SuiteRunner.runTest(SuiteRunner.java:348)
	at org.testng.SuiteRunner.runSequentially(SuiteRunner.java:343)
	at org.testng.SuiteRunner.privateRun(SuiteRunner.java:305)
	at org.testng.SuiteRunner.run(SuiteRunner.java:254)
	at org.testng.SuiteRunnerWorker.runSuite(SuiteRunnerWorker.java:52)
	at org.testng.SuiteRunnerWorker.run(SuiteRunnerWorker.java:86)
	at org.testng.TestNG.runSuitesSequentially(TestNG.java:1224)
	at org.testng.TestNG.runSuitesLocally(TestNG.java:1149)
	at org.testng.TestNG.run(TestNG.java:1057)
	at org.testng.remote.AbstractRemoteTestNG.run(AbstractRemoteTestNG.java:132)
	at org.testng.remote.RemoteTestNG.initAndRun(RemoteTestNG.java:236)
	at org.testng.remote.RemoteTestNG.main(RemoteTestNG.java:81)
]]>
            </full-stacktrace>
          </exception> <!-- java.lang.NullPointerException -->
          <reporter-output>
          </reporter-output>
        </test-method> <!-- testGetUsers -->
        <test-method status="PASS" signature="testUpdateUser()[pri:0, instance:com.hcl.TestProject.test.controller.UserAccessControllerTest@1e88b3c]" name="testUpdateUser" duration-ms="792" started-at="2017-01-31T21:17:30Z" finished-at="2017-01-31T21:17:31Z">
          <reporter-output>
          </reporter-output>
        </test-method> <!-- testUpdateUser -->
        <test-method status="PASS" signature="testUpdateUser1()[pri:0, instance:com.hcl.TestProject.test.controller.UserAccessControllerTest@1e88b3c]" name="testUpdateUser1" duration-ms="265" started-at="2017-01-31T21:17:31Z" finished-at="2017-01-31T21:17:31Z">
          <reporter-output>
          </reporter-output>
        </test-method> <!-- testUpdateUser1 -->
        <test-method status="PASS" signature="testUserService()[pri:0, instance:com.hcl.TestProject.test.controller.UserAccessControllerTest@1e88b3c]" name="testUserService" duration-ms="3" started-at="2017-01-31T21:17:31Z" finished-at="2017-01-31T21:17:31Z">
          <reporter-output>
          </reporter-output>
        </test-method> <!-- testUserService -->
      </class> <!-- com.hcl.TestProject.test.controller.UserAccessControllerTest -->
    </test> <!-- Default test -->
  </suite> <!-- Default suite -->
</testng-results>
